{
	ResourceListNeeded = {{
			Resource = "BERRIES", 
				Quantity = 1
				}
	}, 
	InputInventoryCapacity = {{
			Resource = "BERRIES", 
				Quantity = 1
				}
	}, 
	Id = "BERRY_PRODUCER", 
		DataType = "BUILDING_FUNCTION_WORKPLACE", 
			Name = "BERRY_PRODUCER", 
				WorkerCapacity = 1, 
					ResourceProduced = {{
							Resource = "BERRIES", 
								Quantity = 1
								}
					}, 
					RelatedJob = {
						Job = "BERRY_PICKER", 
							Behavior = "BEHAVIOR_PRODUCE_TREE_COLLECTOR"
							}
				}