{
	modelFiles = {
	}, 
	jobs = {
		BERRY_PICKER = {
			Walk = "WALKING", 
				Delay = 7, 
					Work = "GATHER"
					}
	}, 
	nodeTypes = {
	}, 
	remix = {
	}, 
	categories = {
		FRUIT = {
			PREFAB_BASKET_BERRIES_PART = {
				Function = "BERRY_PRODUCER", 
					AssetRegistered = true
					}
		}
	}, 
	monuments = {
		BERRY_REMIX = {
			Categories = {
				FRUIT = {
				}
			}
		}
	}, 
	workplaces = {
		BERRY_PRODUCER = {
			Produces = {
				BERRIES = 1
				}, 
			Positions = 1, 
				Job = "BERRY_PICKER", 
					Behavior = "BEHAVIOR_PRODUCE_TREE_COLLECTOR", 
						Requires = {
							BERRIES = 0
							}
					}
	}, 
	version = "3.2.1", 
		modName = "BERRY_REMIX"
		}